[debug] [2021-01-01T06:20:46.877Z] ----------------------------------------------------------------------
[debug] [2021-01-01T06:20:46.891Z] Command:       C:\Program Files\nodejs\node.exe C:\Users\SIDDU\AppData\Roaming\npm\node_modules\firebase-tools\lib\bin\firebase.js init
[debug] [2021-01-01T06:20:46.892Z] CLI Version:   9.1.0
[debug] [2021-01-01T06:20:46.892Z] Platform:      win32
[debug] [2021-01-01T06:20:46.892Z] Node Version:  v12.18.3
[debug] [2021-01-01T06:20:46.895Z] Time:          Fri Jan 01 2021 11:50:46 GMT+0530 (India Standard Time)
[debug] [2021-01-01T06:20:46.898Z] ----------------------------------------------------------------------
[debug] [2021-01-01T06:20:46.898Z] 
[debug] [2021-01-01T06:20:46.902Z] >>> [apiv2][query] GET https://firebase-public.firebaseio.com/cli.json [none]
[debug] [2021-01-01T06:20:46.972Z] > command requires scopes: ["email","openid","https://www.googleapis.com/auth/cloudplatformprojects.readonly","https://www.googleapis.com/auth/firebase","https://www.googleapis.com/auth/cloud-platform"]
[debug] [2021-01-01T06:20:46.973Z] > authorizing via signed-in user
[info] 
     ######## #### ########  ######## ########     ###     ######  ########
     ##        ##  ##     ## ##       ##     ##  ##   ##  ##       ##
     ######    ##  ########  ######   ########  #########  ######  ######
     ##        ##  ##    ##  ##       ##     ## ##     ##       ## ##
     ##       #### ##     ## ######## ########  ##     ##  ######  ########

You're about to initialize a Firebase project in this directory:

  D:\Shiva\htmlFiles\Brackets\my.favourite.com

[debug] [2021-01-01T06:20:48.074Z] <<< [apiv2][status] GET https://firebase-public.firebaseio.com/cli.json 200
